Flow report for Thesis_Project_Bit_Manipulation
Sat Feb 28 21:27:17 2026
Quartus Prime Version 20.1.0 Build 711 06/05/2020 SJ Lite Edition


---------------------
; Table of Contents ;
---------------------
  1. Legal Notice
  2. Flow Summary
  3. Flow Settings
  4. Flow Non-Default Global Settings
  5. Flow Elapsed Time
  6. Flow OS Summary
  7. Flow Log
  8. Flow Messages
  9. Flow Suppressed Messages



----------------
; Legal Notice ;
----------------
Copyright (C) 2020  Intel Corporation. All rights reserved.
Your use of Intel Corporation's design tools, logic functions 
and other software and tools, and any partner logic 
functions, and any output files from any of the foregoing 
(including device programming or simulation files), and any 
associated documentation or information are expressly subject 
to the terms and conditions of the Intel Program License 
Subscription Agreement, the Intel Quartus Prime License Agreement,
the Intel FPGA IP License Agreement, or other applicable license
agreement, including, without limitation, that your use is for
the sole purpose of programming logic devices manufactured by
Intel and sold by Intel or its authorized distributors.  Please
refer to the applicable agreement for further details, at
https://fpgasoftware.intel.com/eula.



+-------------------------------------------------------------------------------+
; Flow Summary                                                                  ;
+---------------------------------+---------------------------------------------+
; Flow Status                     ; Successful - Sat Feb 28 21:27:17 2026       ;
; Quartus Prime Version           ; 20.1.0 Build 711 06/05/2020 SJ Lite Edition ;
; Revision Name                   ; Thesis_Project_Bit_Manipulation             ;
; Top-level Entity Name           ; top_level                                   ;
; Family                          ; Cyclone V                                   ;
; Device                          ; 5CSEMA5F31C6                                ;
; Timing Models                   ; Final                                       ;
; Logic utilization (in ALMs)     ; 1,052 / 32,070 ( 3 % )                      ;
; Total registers                 ; 1119                                        ;
; Total pins                      ; 111 / 457 ( 24 % )                          ;
; Total virtual pins              ; 0                                           ;
; Total block memory bits         ; 8,352 / 4,065,280 ( < 1 % )                 ;
; Total DSP Blocks                ; 0 / 87 ( 0 % )                              ;
; Total HSSI RX PCSs              ; 0                                           ;
; Total HSSI PMA RX Deserializers ; 0                                           ;
; Total HSSI TX PCSs              ; 0                                           ;
; Total HSSI PMA TX Serializers   ; 0                                           ;
; Total PLLs                      ; 0 / 6 ( 0 % )                               ;
; Total DLLs                      ; 0 / 4 ( 0 % )                               ;
+---------------------------------+---------------------------------------------+


+-----------------------------------------------------+
; Flow Settings                                       ;
+-------------------+---------------------------------+
; Option            ; Setting                         ;
+-------------------+---------------------------------+
; Start date & time ; 02/28/2026 21:25:36             ;
; Main task         ; Compilation                     ;
; Revision Name     ; Thesis_Project_Bit_Manipulation ;
+-------------------+---------------------------------+


+------------------------------------------------------------------------------------------------------------------------------------------------------------------+
; Flow Non-Default Global Settings                                                                                                                                 ;
+-------------------------------------+----------------------------------------+---------------------------------+-------------+-----------------------------------+
; Assignment Name                     ; Value                                  ; Default Value                   ; Entity Name ; Section Id                        ;
+-------------------------------------+----------------------------------------+---------------------------------+-------------+-----------------------------------+
; COMPILER_SIGNATURE_ID               ; 277083306413539.177227793618905        ; --                              ; --          ; --                                ;
; EDA_GENERATE_FUNCTIONAL_NETLIST     ; Off                                    ; --                              ; --          ; eda_board_design_timing           ;
; EDA_GENERATE_FUNCTIONAL_NETLIST     ; Off                                    ; --                              ; --          ; eda_board_design_boundary_scan    ;
; EDA_GENERATE_FUNCTIONAL_NETLIST     ; Off                                    ; --                              ; --          ; eda_board_design_signal_integrity ;
; EDA_GENERATE_FUNCTIONAL_NETLIST     ; Off                                    ; --                              ; --          ; eda_board_design_symbol           ;
; EDA_OUTPUT_DATA_FORMAT              ; Systemverilog Hdl                      ; --                              ; --          ; eda_simulation                    ;
; EDA_SIMULATION_TOOL                 ; ModelSim-Altera (SystemVerilog)        ; <None>                          ; --          ; --                                ;
; EDA_TIME_SCALE                      ; 1 ps                                   ; --                              ; --          ; eda_simulation                    ;
; MAX_CORE_JUNCTION_TEMP              ; 85                                     ; --                              ; --          ; --                                ;
; MIN_CORE_JUNCTION_TEMP              ; 0                                      ; --                              ; --          ; --                                ;
; PARTITION_COLOR                     ; -- (Not supported for targeted family) ; --                              ; top_level   ; Top                               ;
; PARTITION_FITTER_PRESERVATION_LEVEL ; -- (Not supported for targeted family) ; --                              ; top_level   ; Top                               ;
; PARTITION_NETLIST_TYPE              ; -- (Not supported for targeted family) ; --                              ; top_level   ; Top                               ;
; POWER_BOARD_THERMAL_MODEL           ; None (CONSERVATIVE)                    ; --                              ; --          ; --                                ;
; POWER_PRESET_COOLING_SOLUTION       ; 23 MM HEAT SINK WITH 200 LFPM AIRFLOW  ; --                              ; --          ; --                                ;
; PROJECT_OUTPUT_DIRECTORY            ; output_files                           ; --                              ; --          ; --                                ;
; TOP_LEVEL_ENTITY                    ; top_level                              ; Thesis_Project_Bit_Manipulation ; --          ; --                                ;
+-------------------------------------+----------------------------------------+---------------------------------+-------------+-----------------------------------+


+--------------------------------------------------------------------------------------------------------------------------+
; Flow Elapsed Time                                                                                                        ;
+----------------------+--------------+-------------------------+---------------------+------------------------------------+
; Module Name          ; Elapsed Time ; Average Processors Used ; Peak Virtual Memory ; Total CPU Time (on all processors) ;
+----------------------+--------------+-------------------------+---------------------+------------------------------------+
; Analysis & Synthesis ; 00:00:12     ; 1.0                     ; 551 MB              ; 00:00:24                           ;
; Fitter               ; 00:01:08     ; 1.1                     ; 1918 MB             ; 00:02:28                           ;
; Assembler            ; 00:00:07     ; 1.0                     ; 523 MB              ; 00:00:07                           ;
; Timing Analyzer      ; 00:00:09     ; 1.7                     ; 883 MB              ; 00:00:14                           ;
; EDA Netlist Writer   ; 00:00:01     ; 1.0                     ; 702 MB              ; 00:00:01                           ;
; Total                ; 00:01:37     ; --                      ; --                  ; 00:03:14                           ;
+----------------------+--------------+-------------------------+---------------------+------------------------------------+


+---------------------------------------------------------------------------------------------+
; Flow OS Summary                                                                             ;
+----------------------+-----------------------+----------------+------------+----------------+
; Module Name          ; Machine Hostname      ; OS Name        ; OS Version ; Processor type ;
+----------------------+-----------------------+----------------+------------+----------------+
; Analysis & Synthesis ; USYD-Course-Developer ; Ubuntu 22.04.5 ; 22         ; x86_64         ;
; Fitter               ; USYD-Course-Developer ; Ubuntu 22.04.5 ; 22         ; x86_64         ;
; Assembler            ; USYD-Course-Developer ; Ubuntu 22.04.5 ; 22         ; x86_64         ;
; Timing Analyzer      ; USYD-Course-Developer ; Ubuntu 22.04.5 ; 22         ; x86_64         ;
; EDA Netlist Writer   ; USYD-Course-Developer ; Ubuntu 22.04.5 ; 22         ; x86_64         ;
+----------------------+-----------------------+----------------+------------+----------------+


------------
; Flow Log ;
------------
quartus_map --read_settings_files=on --write_settings_files=off Thesis_Project_Bit_Manipulation -c Thesis_Project_Bit_Manipulation
quartus_fit --read_settings_files=off --write_settings_files=off Thesis_Project_Bit_Manipulation -c Thesis_Project_Bit_Manipulation
quartus_asm --read_settings_files=off --write_settings_files=off Thesis_Project_Bit_Manipulation -c Thesis_Project_Bit_Manipulation
quartus_sta Thesis_Project_Bit_Manipulation -c Thesis_Project_Bit_Manipulation
quartus_eda --read_settings_files=off --write_settings_files=off Thesis_Project_Bit_Manipulation -c Thesis_Project_Bit_Manipulation



