Analysis & Synthesis report for Thesis_Project_Bit_Manipulation
Fri Mar  6 00:45:55 2026
Quartus Prime Version 20.1.0 Build 711 06/05/2020 SJ Lite Edition


---------------------
; Table of Contents ;
---------------------
  1. Legal Notice
  2. Analysis & Synthesis Summary
  3. Analysis & Synthesis Settings
  4. Parallel Compilation
  5. Analysis & Synthesis Source Files Read
  6. Analysis & Synthesis Resource Usage Summary
  7. Analysis & Synthesis Resource Utilization by Entity
  8. Analysis & Synthesis RAM Summary
  9. General Register Statistics
 10. Registers Packed Into Inferred Megafunctions
 11. Multiplexer Restructuring Statistics (Restructuring Performed)
 12. Source assignments for bit_shift_low_pass_filter:BSLPF|altshift_taps:pixel_buffer_green_rtl_0|shift_taps_kjv:auto_generated|altsyncram_h2a1:altsyncram5
 13. Parameter Settings for Inferred Entity Instance: bit_shift_low_pass_filter:BSLPF|altshift_taps:pixel_buffer_green_rtl_0
 14. altshift_taps Parameter Settings by Entity Instance
 15. Port Connectivity Checks: "bit_shift_low_pass_filter:BSLPF"
 16. Post-Synthesis Netlist Statistics for Top Partition
 17. Elapsed Time Per Partition
 18. Analysis & Synthesis Messages
 19. Analysis & Synthesis Suppressed Messages



----------------
; Legal Notice ;
----------------
Copyright (C) 2020  Intel Corporation. All rights reserved.
Your use of Intel Corporation's design tools, logic functions 
and other software and tools, and any partner logic 
functions, and any output files from any of the foregoing 
(including device programming or simulation files), and any 
associated documentation or information are expressly subject 
to the terms and conditions of the Intel Program License 
Subscription Agreement, the Intel Quartus Prime License Agreement,
the Intel FPGA IP License Agreement, or other applicable license
agreement, including, without limitation, that your use is for
the sole purpose of programming logic devices manufactured by
Intel and sold by Intel or its authorized distributors.  Please
refer to the applicable agreement for further details, at
https://fpgasoftware.intel.com/eula.



+-------------------------------------------------------------------------------+
; Analysis & Synthesis Summary                                                  ;
+---------------------------------+---------------------------------------------+
; Analysis & Synthesis Status     ; Successful - Fri Mar  6 00:45:55 2026       ;
; Quartus Prime Version           ; 20.1.0 Build 711 06/05/2020 SJ Lite Edition ;
; Revision Name                   ; Thesis_Project_Bit_Manipulation             ;
; Top-level Entity Name           ; top_level                                   ;
; Family                          ; Cyclone V                                   ;
; Logic utilization (in ALMs)     ; N/A                                         ;
; Total registers                 ; 790                                         ;
; Total pins                      ; 87                                          ;
; Total virtual pins              ; 0                                           ;
; Total block memory bits         ; 11,712                                      ;
; Total DSP Blocks                ; 0                                           ;
; Total HSSI RX PCSs              ; 0                                           ;
; Total HSSI PMA RX Deserializers ; 0                                           ;
; Total HSSI TX PCSs              ; 0                                           ;
; Total HSSI PMA TX Serializers   ; 0                                           ;
; Total PLLs                      ; 0                                           ;
; Total DLLs                      ; 0                                           ;
+---------------------------------+---------------------------------------------+


+----------------------------------------------------------------------------------------------------------------------------------------+
; Analysis & Synthesis Settings                                                                                                          ;
+---------------------------------------------------------------------------------+--------------------+---------------------------------+
; Option                                                                          ; Setting            ; Default Value                   ;
+---------------------------------------------------------------------------------+--------------------+---------------------------------+
; Device                                                                          ; 5CSEMA5F31C6       ;                                 ;
; Top-level entity name                                                           ; top_level          ; Thesis_Project_Bit_Manipulation ;
; Family name                                                                     ; Cyclone V          ; Cyclone V                       ;
; Use smart compilation                                                           ; Off                ; Off                             ;
; Enable parallel Assembler and Timing Analyzer during compilation                ; On                 ; On                              ;
; Enable compact report table                                                     ; Off                ; Off                             ;
; Restructure Multiplexers                                                        ; Auto               ; Auto                            ;
; MLAB Add Timing Constraints For Mixed-Port Feed-Through Mode Setting Don't Care ; Off                ; Off                             ;
; Create Debugging Nodes for IP Cores                                             ; Off                ; Off                             ;
; Preserve fewer node names                                                       ; On                 ; On                              ;
; Intel FPGA IP Evaluation Mode                                                   ; Enable             ; Enable                          ;
; Verilog Version                                                                 ; Verilog_2001       ; Verilog_2001                    ;
; VHDL Version                                                                    ; VHDL_1993          ; VHDL_1993                       ;
; State Machine Processing                                                        ; Auto               ; Auto                            ;
; Safe State Machine                                                              ; Off                ; Off                             ;
; Extract Verilog State Machines                                                  ; On                 ; On                              ;
; Extract VHDL State Machines                                                     ; On                 ; On                              ;
; Ignore Verilog initial constructs                                               ; Off                ; Off                             ;
; Iteration limit for constant Verilog loops                                      ; 5000               ; 5000                            ;
; Iteration limit for non-constant Verilog loops                                  ; 250                ; 250                             ;
; Add Pass-Through Logic to Inferred RAMs                                         ; On                 ; On                              ;
; Infer RAMs from Raw Logic                                                       ; On                 ; On                              ;
; Parallel Synthesis                                                              ; On                 ; On                              ;
; DSP Block Balancing                                                             ; Auto               ; Auto                            ;
; NOT Gate Push-Back                                                              ; On                 ; On                              ;
; Power-Up Don't Care                                                             ; On                 ; On                              ;
; Remove Redundant Logic Cells                                                    ; Off                ; Off                             ;
; Remove Duplicate Registers                                                      ; On                 ; On                              ;
; Ignore CARRY Buffers                                                            ; Off                ; Off                             ;
; Ignore CASCADE Buffers                                                          ; Off                ; Off                             ;
; Ignore GLOBAL Buffers                                                           ; Off                ; Off                             ;
; Ignore ROW GLOBAL Buffers                                                       ; Off                ; Off                             ;
; Ignore LCELL Buffers                                                            ; Off                ; Off                             ;
; Ignore SOFT Buffers                                                             ; On                 ; On                              ;
; Limit AHDL Integers to 32 Bits                                                  ; Off                ; Off                             ;
; Optimization Technique                                                          ; Balanced           ; Balanced                        ;
; Carry Chain Length                                                              ; 70                 ; 70                              ;
; Auto Carry Chains                                                               ; On                 ; On                              ;
; Auto Open-Drain Pins                                                            ; On                 ; On                              ;
; Perform WYSIWYG Primitive Resynthesis                                           ; Off                ; Off                             ;
; Auto ROM Replacement                                                            ; On                 ; On                              ;
; Auto RAM Replacement                                                            ; On                 ; On                              ;
; Auto DSP Block Replacement                                                      ; On                 ; On                              ;
; Auto Shift Register Replacement                                                 ; Auto               ; Auto                            ;
; Allow Shift Register Merging across Hierarchies                                 ; Auto               ; Auto                            ;
; Auto Clock Enable Replacement                                                   ; On                 ; On                              ;
; Strict RAM Replacement                                                          ; Off                ; Off                             ;
; Allow Synchronous Control Signals                                               ; On                 ; On                              ;
; Force Use of Synchronous Clear Signals                                          ; Off                ; Off                             ;
; Auto Resource Sharing                                                           ; Off                ; Off                             ;
; Allow Any RAM Size For Recognition                                              ; Off                ; Off                             ;
; Allow Any ROM Size For Recognition                                              ; Off                ; Off                             ;
; Allow Any Shift Register Size For Recognition                                   ; Off                ; Off                             ;
; Use LogicLock Constraints during Resource Balancing                             ; On                 ; On                              ;
; Ignore translate_off and synthesis_off directives                               ; Off                ; Off                             ;
; Timing-Driven Synthesis                                                         ; On                 ; On                              ;
; Report Parameter Settings                                                       ; On                 ; On                              ;
; Report Source Assignments                                                       ; On                 ; On                              ;
; Report Connectivity Checks                                                      ; On                 ; On                              ;
; Ignore Maximum Fan-Out Assignments                                              ; Off                ; Off                             ;
; Synchronization Register Chain Length                                           ; 3                  ; 3                               ;
; Power Optimization During Synthesis                                             ; Normal compilation ; Normal compilation              ;
; HDL message level                                                               ; Level2             ; Level2                          ;
; Suppress Register Optimization Related Messages                                 ; Off                ; Off                             ;
; Number of Removed Registers Reported in Synthesis Report                        ; 5000               ; 5000                            ;
; Number of Swept Nodes Reported in Synthesis Report                              ; 5000               ; 5000                            ;
; Number of Inverted Registers Reported in Synthesis Report                       ; 100                ; 100                             ;
; Clock MUX Protection                                                            ; On                 ; On                              ;
; Auto Gated Clock Conversion                                                     ; Off                ; Off                             ;
; Block Design Naming                                                             ; Auto               ; Auto                            ;
; SDC constraint protection                                                       ; Off                ; Off                             ;
; Synthesis Effort                                                                ; Auto               ; Auto                            ;
; Shift Register Replacement - Allow Asynchronous Clear Signal                    ; On                 ; On                              ;
; Pre-Mapping Resynthesis Optimization                                            ; Off                ; Off                             ;
; Analysis & Synthesis Message Level                                              ; Medium             ; Medium                          ;
; Disable Register Merging Across Hierarchies                                     ; Auto               ; Auto                            ;
; Resource Aware Inference For Block RAM                                          ; On                 ; On                              ;
; Automatic Parallel Synthesis                                                    ; On                 ; On                              ;
; Partial Reconfiguration Bitstream ID                                            ; Off                ; Off                             ;
+---------------------------------------------------------------------------------+--------------------+---------------------------------+


+------------------------------------------+
; Parallel Compilation                     ;
+----------------------------+-------------+
; Processors                 ; Number      ;
+----------------------------+-------------+
; Number detected on machine ; 8           ;
; Maximum allowed            ; 4           ;
;                            ;             ;
; Average used               ; 1.01        ;
; Maximum used               ; 4           ;
;                            ;             ;
; Usage by Processor         ; % Time Used ;
;     Processor 1            ; 100.0%      ;
;     Processor 2            ;   0.5%      ;
;     Processor 3            ;   0.1%      ;
;     Processor 4            ;   0.1%      ;
+----------------------------+-------------+


+-----------------------------------------------------------------------------------------------------------------------------------------------------------------------------------------------+
; Analysis & Synthesis Source Files Read                                                                                                                                                        ;
+----------------------------------+-----------------+------------------------------+-------------------------------------------------------------------------------------------------+---------+
; File Name with User-Entered Path ; Used in Netlist ; File Type                    ; File Name with Absolute Path                                                                    ; Library ;
+----------------------------------+-----------------+------------------------------+-------------------------------------------------------------------------------------------------+---------+
; src/top_level.sv                 ; yes             ; User SystemVerilog HDL File  ; /home/daniel/Thesis_Project/SystemVerilog_HDL/Bit_Manipulation/src/top_level.sv                 ;         ;
; src/bit_shift_low_pass_filter.sv ; yes             ; User SystemVerilog HDL File  ; /home/daniel/Thesis_Project/SystemVerilog_HDL/Bit_Manipulation/src/bit_shift_low_pass_filter.sv ;         ;
; altshift_taps.tdf                ; yes             ; Megafunction                 ; /home/daniel/intelFPGA_lite/20.1/quartus/libraries/megafunctions/altshift_taps.tdf              ;         ;
; altdpram.inc                     ; yes             ; Megafunction                 ; /home/daniel/intelFPGA_lite/20.1/quartus/libraries/megafunctions/altdpram.inc                   ;         ;
; lpm_counter.inc                  ; yes             ; Megafunction                 ; /home/daniel/intelFPGA_lite/20.1/quartus/libraries/megafunctions/lpm_counter.inc                ;         ;
; lpm_compare.inc                  ; yes             ; Megafunction                 ; /home/daniel/intelFPGA_lite/20.1/quartus/libraries/megafunctions/lpm_compare.inc                ;         ;
; lpm_constant.inc                 ; yes             ; Megafunction                 ; /home/daniel/intelFPGA_lite/20.1/quartus/libraries/megafunctions/lpm_constant.inc               ;         ;
; db/shift_taps_kjv.tdf            ; yes             ; Auto-Generated Megafunction  ; /home/daniel/Thesis_Project/SystemVerilog_HDL/Bit_Manipulation/db/shift_taps_kjv.tdf            ;         ;
; db/altsyncram_h2a1.tdf           ; yes             ; Auto-Generated Megafunction  ; /home/daniel/Thesis_Project/SystemVerilog_HDL/Bit_Manipulation/db/altsyncram_h2a1.tdf           ;         ;
; db/cntr_vkf.tdf                  ; yes             ; Auto-Generated Megafunction  ; /home/daniel/Thesis_Project/SystemVerilog_HDL/Bit_Manipulation/db/cntr_vkf.tdf                  ;         ;
; db/cmpr_f9c.tdf                  ; yes             ; Auto-Generated Megafunction  ; /home/daniel/Thesis_Project/SystemVerilog_HDL/Bit_Manipulation/db/cmpr_f9c.tdf                  ;         ;
+----------------------------------+-----------------+------------------------------+-------------------------------------------------------------------------------------------------+---------+


+--------------------------------------------------------------+
; Analysis & Synthesis Resource Usage Summary                  ;
+---------------------------------------------+----------------+
; Resource                                    ; Usage          ;
+---------------------------------------------+----------------+
; Estimate of Logic utilization (ALMs needed) ; 754            ;
;                                             ;                ;
; Combinational ALUT usage for logic          ; 1211           ;
;     -- 7 input functions                    ; 2              ;
;     -- 6 input functions                    ; 55             ;
;     -- 5 input functions                    ; 35             ;
;     -- 4 input functions                    ; 13             ;
;     -- <=3 input functions                  ; 1106           ;
;                                             ;                ;
; Dedicated logic registers                   ; 790            ;
;                                             ;                ;
; I/O pins                                    ; 87             ;
; Total MLAB memory bits                      ; 0              ;
; Total block memory bits                     ; 11712          ;
;                                             ;                ;
; Total DSP Blocks                            ; 0              ;
;                                             ;                ;
; Maximum fan-out node                        ; CLOCK_50~input ;
; Maximum fan-out                             ; 886            ;
; Total fan-out                               ; 8193           ;
; Average fan-out                             ; 3.61           ;
+---------------------------------------------+----------------+


+--------------------------------------------------------------------------------------------------------------------------------------------------------------------------------------------------------------------------------------------------------------------------------------------------------------------------------------------------+
; Analysis & Synthesis Resource Utilization by Entity                                                                                                                                                                                                                                                                                              ;
+------------------------------------------------+---------------------+---------------------------+-------------------+------------+------+--------------+---------------------------------------------------------------------------------------------------------------------------------------------+---------------------------+--------------+
; Compilation Hierarchy Node                     ; Combinational ALUTs ; Dedicated Logic Registers ; Block Memory Bits ; DSP Blocks ; Pins ; Virtual Pins ; Full Hierarchy Name                                                                                                                         ; Entity Name               ; Library Name ;
+------------------------------------------------+---------------------+---------------------------+-------------------+------------+------+--------------+---------------------------------------------------------------------------------------------------------------------------------------------+---------------------------+--------------+
; |top_level                                     ; 1211 (1)            ; 790 (0)                   ; 11712             ; 0          ; 87   ; 0            ; |top_level                                                                                                                                  ; top_level                 ; work         ;
;    |bit_shift_low_pass_filter:BSLPF|           ; 1210 (1189)         ; 790 (776)                 ; 11712             ; 0          ; 0    ; 0            ; |top_level|bit_shift_low_pass_filter:BSLPF                                                                                                  ; bit_shift_low_pass_filter ; work         ;
;       |altshift_taps:pixel_buffer_green_rtl_0| ; 21 (0)              ; 14 (0)                    ; 11712             ; 0          ; 0    ; 0            ; |top_level|bit_shift_low_pass_filter:BSLPF|altshift_taps:pixel_buffer_green_rtl_0                                                           ; altshift_taps             ; work         ;
;          |shift_taps_kjv:auto_generated|       ; 21 (12)             ; 14 (7)                    ; 11712             ; 0          ; 0    ; 0            ; |top_level|bit_shift_low_pass_filter:BSLPF|altshift_taps:pixel_buffer_green_rtl_0|shift_taps_kjv:auto_generated                             ; shift_taps_kjv            ; work         ;
;             |altsyncram_h2a1:altsyncram5|      ; 0 (0)               ; 0 (0)                     ; 11712             ; 0          ; 0    ; 0            ; |top_level|bit_shift_low_pass_filter:BSLPF|altshift_taps:pixel_buffer_green_rtl_0|shift_taps_kjv:auto_generated|altsyncram_h2a1:altsyncram5 ; altsyncram_h2a1           ; work         ;
;             |cntr_vkf:cntr1|                   ; 9 (9)               ; 7 (7)                     ; 0                 ; 0          ; 0    ; 0            ; |top_level|bit_shift_low_pass_filter:BSLPF|altshift_taps:pixel_buffer_green_rtl_0|shift_taps_kjv:auto_generated|cntr_vkf:cntr1              ; cntr_vkf                  ; work         ;
+------------------------------------------------+---------------------+---------------------------+-------------------+------------+------+--------------+---------------------------------------------------------------------------------------------------------------------------------------------+---------------------------+--------------+
Note: For table entries with two numbers listed, the numbers in parentheses indicate the number of resources of the given type used by the specific entity alone. The numbers listed outside of parentheses indicate the total resources of the given type used by the specific entity and all of its sub-entities in the hierarchy.


+--------------------------------------------------------------------------------------------------------------------------------------------------------------------------------------------------------------------------------------------------+
; Analysis & Synthesis RAM Summary                                                                                                                                                                                                                 ;
+---------------------------------------------------------------------------------------------------------------------------------------------+------+------------------+--------------+--------------+--------------+--------------+-------+------+
; Name                                                                                                                                        ; Type ; Mode             ; Port A Depth ; Port A Width ; Port B Depth ; Port B Width ; Size  ; MIF  ;
+---------------------------------------------------------------------------------------------------------------------------------------------+------+------------------+--------------+--------------+--------------+--------------+-------+------+
; bit_shift_low_pass_filter:BSLPF|altshift_taps:pixel_buffer_green_rtl_0|shift_taps_kjv:auto_generated|altsyncram_h2a1:altsyncram5|ALTSYNCRAM ; AUTO ; Simple Dual Port ; 122          ; 96           ; 122          ; 96           ; 11712 ; None ;
+---------------------------------------------------------------------------------------------------------------------------------------------+------+------------------+--------------+--------------+--------------+--------------+-------+------+


+------------------------------------------------------+
; General Register Statistics                          ;
+----------------------------------------------+-------+
; Statistic                                    ; Value ;
+----------------------------------------------+-------+
; Total registers                              ; 790   ;
; Number of registers using Synchronous Clear  ; 80    ;
; Number of registers using Synchronous Load   ; 46    ;
; Number of registers using Asynchronous Clear ; 0     ;
; Number of registers using Asynchronous Load  ; 0     ;
; Number of registers using Clock Enable       ; 749   ;
; Number of registers using Preset             ; 0     ;
+----------------------------------------------+-------+


+---------------------------------------------------------------------------------------------------------------------------------------------------------------------------------------+
; Registers Packed Into Inferred Megafunctions                                                                                                                                          ;
+---------------------------------------------------------------------------------------------------------------+----------------------------------------------------------+------------+
; Register Name                                                                                                 ; Megafunction                                             ; Type       ;
+---------------------------------------------------------------------------------------------------------------+----------------------------------------------------------+------------+
; bit_shift_low_pass_filter:BSLPF|pixel_buffer_green[6..127,134..255,262..383,390..511,518..639,646..767][0..7] ; bit_shift_low_pass_filter:BSLPF|pixel_buffer_green_rtl_0 ; SHIFT_TAPS ;
; bit_shift_low_pass_filter:BSLPF|pixel_buffer_red[6..127,134..255,262..383,390..511,518..639,646..767][0..7]   ; bit_shift_low_pass_filter:BSLPF|pixel_buffer_green_rtl_0 ; SHIFT_TAPS ;
+---------------------------------------------------------------------------------------------------------------+----------------------------------------------------------+------------+


+-------------------------------------------------------------------------------------------------------------------------------------------------------------------------------------+
; Multiplexer Restructuring Statistics (Restructuring Performed)                                                                                                                      ;
+--------------------+-----------+---------------+----------------------+------------------------+------------+-----------------------------------------------------------------------+
; Multiplexer Inputs ; Bus Width ; Baseline Area ; Area if Restructured ; Saving if Restructured ; Registered ; Example Multiplexer Output                                            ;
+--------------------+-----------+---------------+----------------------+------------------------+------------+-----------------------------------------------------------------------+
; 3:1                ; 16 bits   ; 32 LEs        ; 0 LEs                ; 32 LEs                 ; Yes        ; |top_level|bit_shift_low_pass_filter:BSLPF|pixel_buffer_green[258][2] ;
; 3:1                ; 16 bits   ; 32 LEs        ; 0 LEs                ; 32 LEs                 ; Yes        ; |top_level|bit_shift_low_pass_filter:BSLPF|pixel_buffer_red[516][0]   ;
; 3:1                ; 2 bits    ; 4 LEs         ; 4 LEs                ; 0 LEs                  ; Yes        ; |top_level|bit_shift_low_pass_filter:BSLPF|pixel_out_green[0]         ;
; 3:1                ; 16 bits   ; 32 LEs        ; 0 LEs                ; 32 LEs                 ; Yes        ; |top_level|bit_shift_low_pass_filter:BSLPF|pixel_buffer_red[774][7]   ;
; 4:1                ; 10 bits   ; 20 LEs        ; 0 LEs                ; 20 LEs                 ; Yes        ; |top_level|bit_shift_low_pass_filter:BSLPF|end_lag_buffer_count[5]    ;
; 4:1                ; 3 bits    ; 6 LEs         ; 6 LEs                ; 0 LEs                  ; Yes        ; |top_level|bit_shift_low_pass_filter:BSLPF|soc_out                    ;
; 4:1                ; 9 bits    ; 18 LEs        ; 9 LEs                ; 9 LEs                  ; Yes        ; |top_level|bit_shift_low_pass_filter:BSLPF|start_lag_buffer_count[7]  ;
; 5:1                ; 7 bits    ; 21 LEs        ; 14 LEs               ; 7 LEs                  ; Yes        ; |top_level|bit_shift_low_pass_filter:BSLPF|row_in_count[4]            ;
; 6:1                ; 4 bits    ; 16 LEs        ; 12 LEs               ; 4 LEs                  ; Yes        ; |top_level|bit_shift_low_pass_filter:BSLPF|pixel_out_green[1]         ;
; 6:1                ; 7 bits    ; 28 LEs        ; 21 LEs               ; 7 LEs                  ; Yes        ; |top_level|bit_shift_low_pass_filter:BSLPF|column_in_count[1]         ;
; 7:1                ; 8 bits    ; 32 LEs        ; 16 LEs               ; 16 LEs                 ; Yes        ; |top_level|bit_shift_low_pass_filter:BSLPF|pixel_out_red[4]           ;
; 7:1                ; 16 bits   ; 64 LEs        ; 64 LEs               ; 0 LEs                  ; Yes        ; |top_level|bit_shift_low_pass_filter:BSLPF|pixel_out_green[10]        ;
; 6:1                ; 7 bits    ; 28 LEs        ; 14 LEs               ; 14 LEs                 ; Yes        ; |top_level|bit_shift_low_pass_filter:BSLPF|row_out_count[2]           ;
; 6:1                ; 7 bits    ; 28 LEs        ; 21 LEs               ; 7 LEs                  ; Yes        ; |top_level|bit_shift_low_pass_filter:BSLPF|column_out_count[6]        ;
+--------------------+-----------+---------------+----------------------+------------------------+------------+-----------------------------------------------------------------------+


+---------------------------------------------------------------------------------------------------------------------------------------------------------+
; Source assignments for bit_shift_low_pass_filter:BSLPF|altshift_taps:pixel_buffer_green_rtl_0|shift_taps_kjv:auto_generated|altsyncram_h2a1:altsyncram5 ;
+---------------------------------+--------------------+------+-------------------------------------------------------------------------------------------+
; Assignment                      ; Value              ; From ; To                                                                                        ;
+---------------------------------+--------------------+------+-------------------------------------------------------------------------------------------+
; OPTIMIZE_POWER_DURING_SYNTHESIS ; NORMAL_COMPILATION ; -    ; -                                                                                         ;
+---------------------------------+--------------------+------+-------------------------------------------------------------------------------------------+


+-------------------------------------------------------------------------------------------------------------------------+
; Parameter Settings for Inferred Entity Instance: bit_shift_low_pass_filter:BSLPF|altshift_taps:pixel_buffer_green_rtl_0 ;
+----------------+----------------+---------------------------------------------------------------------------------------+
; Parameter Name ; Value          ; Type                                                                                  ;
+----------------+----------------+---------------------------------------------------------------------------------------+
; WIDTH_BYTEENA  ; 1              ; Untyped                                                                               ;
; NUMBER_OF_TAPS ; 1              ; Untyped                                                                               ;
; TAP_DISTANCE   ; 122            ; Untyped                                                                               ;
; WIDTH          ; 96             ; Untyped                                                                               ;
; POWER_UP_STATE ; DONT_CARE      ; Untyped                                                                               ;
; CBXI_PARAMETER ; shift_taps_kjv ; Untyped                                                                               ;
+----------------+----------------+---------------------------------------------------------------------------------------+
Note: In order to hide this table in the UI and the text report file, please set the "Show Parameter Settings in Synthesis Report" option in "Analysis and Synthesis Settings -> More Settings" to "Off".


+-----------------------------------------------------------------------------------------------------+
; altshift_taps Parameter Settings by Entity Instance                                                 ;
+----------------------------+------------------------------------------------------------------------+
; Name                       ; Value                                                                  ;
+----------------------------+------------------------------------------------------------------------+
; Number of entity instances ; 1                                                                      ;
; Entity Instance            ; bit_shift_low_pass_filter:BSLPF|altshift_taps:pixel_buffer_green_rtl_0 ;
;     -- NUMBER_OF_TAPS      ; 1                                                                      ;
;     -- TAP_DISTANCE        ; 122                                                                    ;
;     -- WIDTH               ; 96                                                                     ;
+----------------------------+------------------------------------------------------------------------+


+---------------------------------------------------------------------------------------------------------------------------------------------------------------------------------------------------------------------+
; Port Connectivity Checks: "bit_shift_low_pass_filter:BSLPF"                                                                                                                                                         ;
+-----------------------+--------+----------+-------------------------------------------------------------------------------------------------------------------------------------------------------------------------+
; Port                  ; Type   ; Severity ; Details                                                                                                                                                                 ;
+-----------------------+--------+----------+-------------------------------------------------------------------------------------------------------------------------------------------------------------------------+
; pixel_valid_out       ; Output ; Info     ; Connected to dangling logic. Logic that only feeds a dangling port will be removed.                                                                                     ;
; pixel_out_red         ; Output ; Warning  ; Output or bidir port (15 bits) is smaller than the port expression (16 bits) it drives.  The 1 most-significant bit(s) in the port expression will be connected to GND. ;
; pixel_out_green       ; Output ; Warning  ; Output or bidir port (15 bits) is smaller than the port expression (16 bits) it drives.  The 1 most-significant bit(s) in the port expression will be connected to GND. ;
; pixel_out_blue        ; Output ; Warning  ; Output or bidir port (15 bits) is smaller than the port expression (16 bits) it drives.  The 1 most-significant bit(s) in the port expression will be connected to GND. ;
; pixel_out_blue[14..0] ; Output ; Info     ; Connected to dangling logic. Logic that only feeds a dangling port will be removed.                                                                                     ;
+-----------------------+--------+----------+-------------------------------------------------------------------------------------------------------------------------------------------------------------------------+


+-----------------------------------------------------+
; Post-Synthesis Netlist Statistics for Top Partition ;
+-----------------------+-----------------------------+
; Type                  ; Count                       ;
+-----------------------+-----------------------------+
; arriav_ff             ; 790                         ;
;     ENA               ; 647                         ;
;     ENA SCLR          ; 56                          ;
;     ENA SCLR SLD      ; 14                          ;
;     ENA SLD           ; 32                          ;
;     SCLR              ; 10                          ;
;     plain             ; 31                          ;
; arriav_lcell_comb     ; 1211                        ;
;     arith             ; 120                         ;
;         0 data inputs ; 3                           ;
;         1 data inputs ; 67                          ;
;         2 data inputs ; 48                          ;
;         3 data inputs ; 2                           ;
;     extend            ; 2                           ;
;         7 data inputs ; 2                           ;
;     normal            ; 125                         ;
;         0 data inputs ; 1                           ;
;         1 data inputs ; 2                           ;
;         2 data inputs ; 8                           ;
;         3 data inputs ; 11                          ;
;         4 data inputs ; 13                          ;
;         5 data inputs ; 35                          ;
;         6 data inputs ; 55                          ;
;     shared            ; 964                         ;
;         0 data inputs ; 192                         ;
;         1 data inputs ; 34                          ;
;         2 data inputs ; 96                          ;
;         3 data inputs ; 642                         ;
; boundary_port         ; 87                          ;
; stratixv_ram_block    ; 96                          ;
;                       ;                             ;
; Max LUT depth         ; 8.30                        ;
; Average LUT depth     ; 6.48                        ;
+-----------------------+-----------------------------+


+-------------------------------+
; Elapsed Time Per Partition    ;
+----------------+--------------+
; Partition Name ; Elapsed Time ;
+----------------+--------------+
; Top            ; 00:00:03     ;
+----------------+--------------+


+-------------------------------+
; Analysis & Synthesis Messages ;
+-------------------------------+
Info: *******************************************************************
Info: Running Quartus Prime Analysis & Synthesis
    Info: Version 20.1.0 Build 711 06/05/2020 SJ Lite Edition
    Info: Processing started: Fri Mar  6 00:45:40 2026
Info: Command: quartus_map --read_settings_files=on --write_settings_files=off Thesis_Project_Bit_Manipulation -c Thesis_Project_Bit_Manipulation
Warning (18236): Number of processors has not been specified which may cause overloading on shared machines.  Set the global assignment NUM_PARALLEL_PROCESSORS in your QSF to an appropriate value for best performance.
Info (20030): Parallel compilation is enabled and will use 4 of the 4 processors detected
Info (12021): Found 1 design units, including 1 entities, in source file tb/bit_shift_low_pass_filter_tb.sv
    Info (12023): Found entity 1: bit_shift_low_pass_filter_tb File: /home/daniel/Thesis_Project/SystemVerilog_HDL/Bit_Manipulation/tb/bit_shift_low_pass_filter_tb.sv Line: 11
Info (12021): Found 1 design units, including 1 entities, in source file src/top_level.sv
    Info (12023): Found entity 1: top_level File: /home/daniel/Thesis_Project/SystemVerilog_HDL/Bit_Manipulation/src/top_level.sv Line: 1
Info (12021): Found 1 design units, including 1 entities, in source file src/bit_shift_low_pass_filter.sv
    Info (12023): Found entity 1: bit_shift_low_pass_filter File: /home/daniel/Thesis_Project/SystemVerilog_HDL/Bit_Manipulation/src/bit_shift_low_pass_filter.sv Line: 1
Warning (10236): Verilog HDL Implicit Net warning at top_level.sv(102): created implicit net for "ABOVE_ARE_R_G_THIS_IS_B" File: /home/daniel/Thesis_Project/SystemVerilog_HDL/Bit_Manipulation/src/top_level.sv Line: 102
Info (12127): Elaborating entity "top_level" for the top level hierarchy
Warning (10036): Verilog HDL or VHDL warning at top_level.sv(102): object "ABOVE_ARE_R_G_THIS_IS_B" assigned a value but never read File: /home/daniel/Thesis_Project/SystemVerilog_HDL/Bit_Manipulation/src/top_level.sv Line: 102
Warning (10036): Verilog HDL or VHDL warning at top_level.sv(48): object "filtered_pixel_valid" assigned a value but never read File: /home/daniel/Thesis_Project/SystemVerilog_HDL/Bit_Manipulation/src/top_level.sv Line: 48
Warning (10230): Verilog HDL assignment warning at top_level.sv(102): truncated value with size 16 to match size of target (1) File: /home/daniel/Thesis_Project/SystemVerilog_HDL/Bit_Manipulation/src/top_level.sv Line: 102
Warning (10034): Output port "PIXEL_VALID_OUT" at top_level.sv(24) has no driver File: /home/daniel/Thesis_Project/SystemVerilog_HDL/Bit_Manipulation/src/top_level.sv Line: 24
Info (12128): Elaborating entity "bit_shift_low_pass_filter" for hierarchy "bit_shift_low_pass_filter:BSLPF" File: /home/daniel/Thesis_Project/SystemVerilog_HDL/Bit_Manipulation/src/top_level.sv Line: 76
Info (286030): Timing-Driven Synthesis is running
Info (19000): Inferred 1 megafunctions from design logic
    Info (276034): Inferred altshift_taps megafunction from the following design logic: "bit_shift_low_pass_filter:BSLPF|pixel_buffer_green_rtl_0"
        Info (286033): Parameter NUMBER_OF_TAPS set to 1
        Info (286033): Parameter TAP_DISTANCE set to 122
        Info (286033): Parameter WIDTH set to 96
        Info (286033): Parameter POWER_UP_STATE set to DONT_CARE
Info (12130): Elaborated megafunction instantiation "bit_shift_low_pass_filter:BSLPF|altshift_taps:pixel_buffer_green_rtl_0"
Info (12133): Instantiated megafunction "bit_shift_low_pass_filter:BSLPF|altshift_taps:pixel_buffer_green_rtl_0" with the following parameter:
    Info (12134): Parameter "NUMBER_OF_TAPS" = "1"
    Info (12134): Parameter "TAP_DISTANCE" = "122"
    Info (12134): Parameter "WIDTH" = "96"
    Info (12134): Parameter "POWER_UP_STATE" = "DONT_CARE"
Info (12021): Found 1 design units, including 1 entities, in source file db/shift_taps_kjv.tdf
    Info (12023): Found entity 1: shift_taps_kjv File: /home/daniel/Thesis_Project/SystemVerilog_HDL/Bit_Manipulation/db/shift_taps_kjv.tdf Line: 27
Info (12021): Found 1 design units, including 1 entities, in source file db/altsyncram_h2a1.tdf
    Info (12023): Found entity 1: altsyncram_h2a1 File: /home/daniel/Thesis_Project/SystemVerilog_HDL/Bit_Manipulation/db/altsyncram_h2a1.tdf Line: 28
Info (12021): Found 1 design units, including 1 entities, in source file db/cntr_vkf.tdf
    Info (12023): Found entity 1: cntr_vkf File: /home/daniel/Thesis_Project/SystemVerilog_HDL/Bit_Manipulation/db/cntr_vkf.tdf Line: 28
Info (12021): Found 1 design units, including 1 entities, in source file db/cmpr_f9c.tdf
    Info (12023): Found entity 1: cmpr_f9c File: /home/daniel/Thesis_Project/SystemVerilog_HDL/Bit_Manipulation/db/cmpr_f9c.tdf Line: 23
Warning (12241): 1 hierarchies have connectivity warnings - see the Connectivity Checks report folder
Warning (13024): Output pins are stuck at VCC or GND
    Warning (13410): Pin "PIXEL_VALID_OUT" is stuck at GND File: /home/daniel/Thesis_Project/SystemVerilog_HDL/Bit_Manipulation/src/top_level.sv Line: 24
    Warning (13410): Pin "CONFIDENCE_PIXEL_BIT_DATA[15]" is stuck at GND File: /home/daniel/Thesis_Project/SystemVerilog_HDL/Bit_Manipulation/src/top_level.sv Line: 30
    Warning (13410): Pin "CONFIDENCE_PIXEL_BIT_DATA[16]" is stuck at GND File: /home/daniel/Thesis_Project/SystemVerilog_HDL/Bit_Manipulation/src/top_level.sv Line: 30
    Warning (13410): Pin "CONFIDENCE_PIXEL_BIT_DATA[17]" is stuck at GND File: /home/daniel/Thesis_Project/SystemVerilog_HDL/Bit_Manipulation/src/top_level.sv Line: 30
    Warning (13410): Pin "CONFIDENCE_PIXEL_BIT_DATA[18]" is stuck at GND File: /home/daniel/Thesis_Project/SystemVerilog_HDL/Bit_Manipulation/src/top_level.sv Line: 30
    Warning (13410): Pin "CONFIDENCE_PIXEL_BIT_DATA[19]" is stuck at GND File: /home/daniel/Thesis_Project/SystemVerilog_HDL/Bit_Manipulation/src/top_level.sv Line: 30
    Warning (13410): Pin "CONFIDENCE_PIXEL_BIT_DATA[20]" is stuck at GND File: /home/daniel/Thesis_Project/SystemVerilog_HDL/Bit_Manipulation/src/top_level.sv Line: 30
    Warning (13410): Pin "CONFIDENCE_PIXEL_BIT_DATA[21]" is stuck at GND File: /home/daniel/Thesis_Project/SystemVerilog_HDL/Bit_Manipulation/src/top_level.sv Line: 30
    Warning (13410): Pin "CONFIDENCE_PIXEL_BIT_DATA[22]" is stuck at GND File: /home/daniel/Thesis_Project/SystemVerilog_HDL/Bit_Manipulation/src/top_level.sv Line: 30
    Warning (13410): Pin "CONFIDENCE_PIXEL_BIT_DATA[23]" is stuck at GND File: /home/daniel/Thesis_Project/SystemVerilog_HDL/Bit_Manipulation/src/top_level.sv Line: 30
    Warning (13410): Pin "DISPARITY_PIXEL_BIT_DATA[15]" is stuck at GND File: /home/daniel/Thesis_Project/SystemVerilog_HDL/Bit_Manipulation/src/top_level.sv Line: 32
    Warning (13410): Pin "DISPARITY_PIXEL_BIT_DATA[16]" is stuck at GND File: /home/daniel/Thesis_Project/SystemVerilog_HDL/Bit_Manipulation/src/top_level.sv Line: 32
    Warning (13410): Pin "DISPARITY_PIXEL_BIT_DATA[17]" is stuck at GND File: /home/daniel/Thesis_Project/SystemVerilog_HDL/Bit_Manipulation/src/top_level.sv Line: 32
    Warning (13410): Pin "DISPARITY_PIXEL_BIT_DATA[18]" is stuck at GND File: /home/daniel/Thesis_Project/SystemVerilog_HDL/Bit_Manipulation/src/top_level.sv Line: 32
    Warning (13410): Pin "DISPARITY_PIXEL_BIT_DATA[19]" is stuck at GND File: /home/daniel/Thesis_Project/SystemVerilog_HDL/Bit_Manipulation/src/top_level.sv Line: 32
    Warning (13410): Pin "DISPARITY_PIXEL_BIT_DATA[20]" is stuck at GND File: /home/daniel/Thesis_Project/SystemVerilog_HDL/Bit_Manipulation/src/top_level.sv Line: 32
    Warning (13410): Pin "DISPARITY_PIXEL_BIT_DATA[21]" is stuck at GND File: /home/daniel/Thesis_Project/SystemVerilog_HDL/Bit_Manipulation/src/top_level.sv Line: 32
    Warning (13410): Pin "DISPARITY_PIXEL_BIT_DATA[22]" is stuck at GND File: /home/daniel/Thesis_Project/SystemVerilog_HDL/Bit_Manipulation/src/top_level.sv Line: 32
    Warning (13410): Pin "DISPARITY_PIXEL_BIT_DATA[23]" is stuck at GND File: /home/daniel/Thesis_Project/SystemVerilog_HDL/Bit_Manipulation/src/top_level.sv Line: 32
Info (144001): Generated suppressed messages file /home/daniel/Thesis_Project/SystemVerilog_HDL/Bit_Manipulation/output_files/Thesis_Project_Bit_Manipulation.map.smsg
Info (16010): Generating hard_block partition "hard_block:auto_generated_inst"
    Info (16011): Adding 0 node(s), including 0 DDIO, 0 PLL, 0 transceiver and 0 LCELL
Warning (21074): Design contains 8 input pin(s) that do not drive logic
    Warning (15610): No output dependent on input pin "SIM_PIXEL_BIT_DATA[0]" File: /home/daniel/Thesis_Project/SystemVerilog_HDL/Bit_Manipulation/src/top_level.sv Line: 10
    Warning (15610): No output dependent on input pin "SIM_PIXEL_BIT_DATA[1]" File: /home/daniel/Thesis_Project/SystemVerilog_HDL/Bit_Manipulation/src/top_level.sv Line: 10
    Warning (15610): No output dependent on input pin "SIM_PIXEL_BIT_DATA[2]" File: /home/daniel/Thesis_Project/SystemVerilog_HDL/Bit_Manipulation/src/top_level.sv Line: 10
    Warning (15610): No output dependent on input pin "SIM_PIXEL_BIT_DATA[3]" File: /home/daniel/Thesis_Project/SystemVerilog_HDL/Bit_Manipulation/src/top_level.sv Line: 10
    Warning (15610): No output dependent on input pin "SIM_PIXEL_BIT_DATA[4]" File: /home/daniel/Thesis_Project/SystemVerilog_HDL/Bit_Manipulation/src/top_level.sv Line: 10
    Warning (15610): No output dependent on input pin "SIM_PIXEL_BIT_DATA[5]" File: /home/daniel/Thesis_Project/SystemVerilog_HDL/Bit_Manipulation/src/top_level.sv Line: 10
    Warning (15610): No output dependent on input pin "SIM_PIXEL_BIT_DATA[6]" File: /home/daniel/Thesis_Project/SystemVerilog_HDL/Bit_Manipulation/src/top_level.sv Line: 10
    Warning (15610): No output dependent on input pin "SIM_PIXEL_BIT_DATA[7]" File: /home/daniel/Thesis_Project/SystemVerilog_HDL/Bit_Manipulation/src/top_level.sv Line: 10
Info (21057): Implemented 2089 device resources after synthesis - the final resource count might be different
    Info (21058): Implemented 32 input pins
    Info (21059): Implemented 55 output pins
    Info (21061): Implemented 1906 logic cells
    Info (21064): Implemented 96 RAM segments
Info: Quartus Prime Analysis & Synthesis was successful. 0 errors, 36 warnings
    Info: Peak virtual memory: 575 megabytes
    Info: Processing ended: Fri Mar  6 00:45:55 2026
    Info: Elapsed time: 00:00:15
    Info: Total CPU time (on all processors): 00:00:30


+------------------------------------------+
; Analysis & Synthesis Suppressed Messages ;
+------------------------------------------+
The suppressed messages can be found in /home/daniel/Thesis_Project/SystemVerilog_HDL/Bit_Manipulation/output_files/Thesis_Project_Bit_Manipulation.map.smsg.


